NextG_3G4G/AppNextEngine/build/outputs/logs/manifest-merger-release-report.txt
-- Merging decision tree log ---
manifest
ADDED from NextG_3G4G/AppNextEngine/AndroidManifest.xml:2:1-7:12
INJECTED from NextG_3G4G/AppNextEngine/AndroidManifest.xml:2:1-7:12
INJECTED from NextG_3G4G/AppNextEngine/AndroidManifest.xml:2:1-7:12
	package
		ADDED from NextG_3G4G/AppNextEngine/AndroidManifest.xml:3:5-33
		INJECTED from NextG_3G4G/AppNextEngine/AndroidManifest.xml
		INJECTED from NextG_3G4G/AppNextEngine/AndroidManifest.xml
	xmlns:android
		ADDED from NextG_3G4G/AppNextEngine/AndroidManifest.xml:2:11-69
application
ADDED from NextG_3G4G/AppNextEngine/AndroidManifest.xml:6:5-19